No main thread, did you call SDL_Init?
Backtrace for: #<SB-THREAD:THREAD "editor" RUNNING {1004710313}>
0: ((LAMBDA NIL :IN UIOP/IMAGE:PRINT-BACKTRACE))
1: ((FLET "THUNK" :IN UIOP/STREAM:CALL-WITH-SAFE-IO-SYNTAX))
2: (SB-IMPL::%WITH-STANDARD-IO-SYNTAX #<FUNCTION (FLET "THUNK" :IN UIOP/STREAM:CALL-WITH-SAFE-IO-SYNTAX) {7FA8F9D7BA1B}>)
3: (UIOP/STREAM:CALL-WITH-SAFE-IO-SYNTAX #<FUNCTION (LAMBDA NIL :IN UIOP/IMAGE:PRINT-BACKTRACE) {1005EA318B}> :PACKAGE :CL)
4: (LEM-CORE::BAILOUT #<SIMPLE-ERROR "No main thread, did you call SDL_Init?" {1005EA3123}>)
5: (SB-KERNEL::%SIGNAL #<SIMPLE-ERROR "No main thread, did you call SDL_Init?" {1005EA3123}>)
6: (ERROR "No main thread, did you call SDL_Init?")
7: (LEM-SDL2/DISPLAY::CALL-WITH-RENDERER #<LEM-SDL2/DISPLAY:DISPLAY {1004A4E233}> #<FUNCTION (LAMBDA NIL :IN LEM-INTERFACE:DISPLAY-HEIGHT) {1005EA30EB}>)
8: (LEM-SDL2/LOG::CALL-WITH-DEBUG #<FUNCTION (LAMBDA NIL :IN LEM-INTERFACE:DISPLAY-HEIGHT) {52E07D6B}> #<FUNCTION (LAMBDA NIL :IN LEM-INTERFACE:DISPLAY-HEIGHT) {52E07B3B}>)
9: (LEM-CORE:POP-UP-TYPEOUT-WINDOW #<LEM/BUFFER/INTERNAL:TEXT-BUFFER *EDITOR ERROR* NIL {1005E8EB83}> :FUNCTION #<FUNCTION (LAMBDA (STREAM) :IN LEM-CORE:POP-UP-BACKTRACE) {1005E8EE8B}> :ERASE T :READ-ONLY T)
10: ((FLET "H0" :IN LEM-CORE:COMMAND-LOOP) #<SIMPLE-ERROR "No main thread, did you call SDL_Init?" {1005E29353}>)
11: (SB-KERNEL::%SIGNAL #<SIMPLE-ERROR "No main thread, did you call SDL_Init?" {1005E29353}>)
12: (ERROR "No main thread, did you call SDL_Init?")
13: (LEM-SDL2/DISPLAY::CALL-WITH-RENDERER #<LEM-SDL2/DISPLAY:DISPLAY {1004A4E233}> #<FUNCTION (LAMBDA NIL :IN LEM-INTERFACE:DELETE-VIEW) {1005E2931B}>)
14: (LEM-SDL2/LOG::CALL-WITH-DEBUG #<FUNCTION (LAMBDA NIL :IN LEM-INTERFACE:DELETE-VIEW) {52E0A83B}> #<FUNCTION (LAMBDA NIL :IN LEM-INTERFACE:DELETE-VIEW) {1005E292DB}>)
15: (LEM-CORE:DELETE-WINDOW #<LEM/POPUP-WINDOW::POPUP-WINDOW {100698D4C3}>)
16: ((:METHOD LEM-INTERFACE:POPUP-MENU-QUIT (T T)) #<unused argument> #<LEM/POPUP-MENU::POPUP-MENU {10083CC973}>) [fast-method]
17: (LEM/COMPLETION-MODE:COMPLETION-END)
18: ((FLET "CLEANUP-FUN-15" :IN LEM/PROMPT-WINDOW::PROMPT-FOR-AUX)) [cleanup]
19: (LEM/PROMPT-WINDOW::PROMPT-FOR-AUX :PROMPT-STRING "M-x " :INITIAL-STRING NIL :PARAMETERS #<LEM/PROMPT-WINDOW::PROMPT-PARAMETERS {1006085A13}> :BODY-FUNCTION #<FUNCTION LEM/PROMPT-WINDOW::PROMPT-FOR-LINE-COMMAND-LOOP> :SYNTAX-TABLE #S(LEM/BUFFER/SYNTAX-TABLE::SYNTAX-TABLE :SPACE-CHARS (#\  #\Tab #\Newline #\Page) :SYMBOL-CHARS (#\+ #\- #\< #\> #\/ #\* #\& #\= #\. #\? #\_ #\! ...) :PAREN-PAIRS ((#\( . #\)) (#\[ . #\]) (#\{ . #\})) :STRING-QUOTE-CHARS (#\") :ESCAPE-CHARS (#\\) :FENCE-CHARS (#\|) :EXPR-PREFIX-CHARS (#\' #\, #\@ #\# #\`) :EXPR-SUFFIX-CHARS NIL :EXPR-PREFIX-FORWARD-FUNCTION LEM-CORE::SKIP-EXPR-PREFIX-FORWARD :EXPR-PREFIX-BACKWARD-FUNCTION LEM-CORE::SKIP-EXPR-PREFIX-BACKWARD :LINE-COMMENT-STRING NIL :BLOCK-COMMENT-PAIRS NIL ...) :EDIT-CALLBACK NIL :SPECIAL-KEYMAP NIL)
20: (LEM-CORE/COMMANDS/OTHER:EXECUTE-COMMAND NIL)
21: (LEM-CORE:CALL-COMMAND LEM-CORE/COMMANDS/OTHER:EXECUTE-COMMAND NIL)
22: (LEM-CORE::COMMAND-LOOP-BODY)
23: (LEM-CORE:COMMAND-LOOP)
24: (LEM-CORE::TOPLEVEL-COMMAND-LOOP #<FUNCTION (LAMBDA NIL :IN LEM-CORE::RUN-EDITOR-THREAD) {1005A1A1CB}>)
25: ((LAMBDA NIL :IN LEM-CORE::RUN-EDITOR-THREAD))
26: ((LAMBDA NIL :IN LEM-CORE::RUN-EDITOR-THREAD))
27: ((FLET BT2::RUN-FUNCTION :IN BT2::ESTABLISH-DYNAMIC-ENV))
28: ((LABELS BT2::%ESTABLISH-DYNAMIC-ENV-WRAPPER :IN BT2::ESTABLISH-DYNAMIC-ENV))
29: ((FLET SB-UNIX::BODY :IN SB-THREAD::RUN))
30: ((FLET "WITHOUT-INTERRUPTS-BODY-11" :IN SB-THREAD::RUN))
31: ((FLET SB-UNIX::BODY :IN SB-THREAD::RUN))
32: ((FLET "WITHOUT-INTERRUPTS-BODY-4" :IN SB-THREAD::RUN))
33: (SB-THREAD::RUN)
34: ("foreign function: call_into_lisp_")
35: ("foreign function: funcall1")

